<?xml version="1.0" encoding="UTF-8"?>
<!-- Generated by org.testng.reporters.JUnitReportReporter -->
<testsuite hostname="ATMECSINDT-060" name="com.saucelabs.selenium.tests.SampleSeleniumCloud" tests="1" failures="0" timestamp="24 Feb 2015 09:30:35 GMT" time="15.260" errors="0">
  <testcase name="testGoogle" time="15.260" classname="com.saucelabs.selenium.tests.SampleSeleniumCloud"/>
</testsuite> <!-- com.saucelabs.selenium.tests.SampleSeleniumCloud -->
