<?xml version="1.0" encoding="UTF-8"?>
<!-- Generated by org.testng.reporters.JUnitReportReporter -->
<testsuite hostname="ATMECSINDT-060" name="com.xml.tests.SampleTest" tests="3" failures="0" timestamp="14 Jan 2015 05:52:03 GMT" time="59.617" errors="0">
  <testcase name="testBrowsers" time="17.369" classname="com.xml.tests.SampleTest"/>
  <testcase name="testBrowsers" time="13.318" classname="com.xml.tests.SampleTest"/>
  <testcase name="testBrowsers" time="28.930" classname="com.xml.tests.SampleTest"/>
</testsuite> <!-- com.xml.tests.SampleTest -->
