<?xml version="1.0" encoding="UTF-8"?>
<!-- Generated by org.testng.reporters.JUnitReportReporter -->
<testsuite hostname="ATMECSINDT-060" name="com.xml.tests.TestPage" tests="4" failures="0" timestamp="23 Jan 2015 05:25:35 GMT" time="38.204" errors="0">
  <testcase name="testLogo" time="10.072" classname="com.xml.tests.TestPage"/>
  <testcase name="testLogo" time="9.496" classname="com.xml.tests.TestPage"/>
  <testcase name="testLogo" time="8.714" classname="com.xml.tests.TestPage"/>
  <testcase name="testLogo" time="9.922" classname="com.xml.tests.TestPage"/>
</testsuite> <!-- com.xml.tests.TestPage -->
