<?xml version="1.0" encoding="UTF-8"?>
<!-- Generated by org.testng.reporters.JUnitReportReporter -->
<testsuite hostname="ATMECSINDT-060" name="ImageComp" tests="1" failures="0" timestamp="2 Feb 2015 12:34:17 GMT" time="0.101" errors="0">
  <testcase name="compareImagesSikuli" time="0.101" classname="ImageComp"/>
</testsuite> <!-- ImageComp -->
