<?xml version="1.0" encoding="UTF-8" ?>
<testsuite tests="1" failures="1" name="com.atmecs.services.test.TestCurrencyWS" time="1.373" errors="0" skipped="0">
  <properties>
    <property name="java.runtime.name" value="Java(TM) SE Runtime Environment"/>
    <property name="sun.boot.library.path" value="C:\Program Files\Java\jdk1.8.0_25\jre\bin"/>
    <property name="java.vm.version" value="25.25-b02"/>
    <property name="java.vm.vendor" value="Oracle Corporation"/>
    <property name="java.vendor.url" value="http://java.oracle.com/"/>
    <property name="path.separator" value=";"/>
    <property name="guice.disable.misplaced.annotation.check" value="true"/>
    <property name="java.vm.name" value="Java HotSpot(TM) 64-Bit Server VM"/>
    <property name="file.encoding.pkg" value="sun.io"/>
    <property name="user.script" value=""/>
    <property name="user.country" value="US"/>
    <property name="sun.java.launcher" value="SUN_STANDARD"/>
    <property name="sun.os.patch.level" value="Service Pack 1"/>
    <property name="java.vm.specification.name" value="Java Virtual Machine Specification"/>
    <property name="user.dir" value="C:\Users\Venkatesh.Aarelly\ATMECSProjects\WSDL2Java"/>
    <property name="java.runtime.version" value="1.8.0_25-b18"/>
    <property name="java.awt.graphicsenv" value="sun.awt.Win32GraphicsEnvironment"/>
    <property name="java.endorsed.dirs" value="C:\Program Files\Java\jdk1.8.0_25\jre\lib\endorsed"/>
    <property name="os.arch" value="amd64"/>
    <property name="java.io.tmpdir" value="C:\Users\VENKAT~1.AAR\AppData\Local\Temp\"/>
    <property name="line.separator" value="
"/>
    <property name="java.vm.specification.vendor" value="Oracle Corporation"/>
    <property name="user.variant" value=""/>
    <property name="os.name" value="Windows 7"/>
    <property name="classworlds.conf" value="C:\Users\Venkatesh.Aarelly\ATMECSProjects\.metadata\.plugins\org.eclipse.m2e.launching\launches\m2conf552584825187522577.tmp"/>
    <property name="sun.jnu.encoding" value="Cp1252"/>
    <property name="java.library.path" value="C:\Program Files\Java\jdk1.8.0_25\bin;C:\Windows\Sun\Java\bin;C:\Windows\system32;C:\Windows;C:/Program Files/Java/jdk1.8.0_25/bin/../jre/bin/server;C:/Program Files/Java/jdk1.8.0_25/bin/../jre/bin;C:/Program Files/Java/jdk1.8.0_25/bin/../jre/lib/amd64;C:\Program Files\ImageMagick-6.9.0-Q16;C:\Program Files (x86)\Git\bin;C:\Venky\Softwares\apache-maven-3.2.5\bin;C:\Program Files\Java\jdk1.8.0_25\bin;C:\ProgramData\Oracle\Java\javapath;C:\Windows\system32;C:\Windows;C:\Windows\System32\Wbem;C:\Windows\System32\WindowsPowerShell\v1.0\;C:\Program Files (x86)\Intel\OpenCL SDK\3.0\bin\x86;C:\Program Files (x86)\Intel\OpenCL SDK\3.0\bin\x64;.;C:\Program Files\Microsoft Windows Performance Toolkit\;C:\Program Files (x86)\GtkSharp\2.12\bin;C:\Users\Venkatesh.Aarelly\Downloads\Sikuli;C:\Program Files\nodejs\;C:\Program Files (x86)\Windows Kits\8.1\Windows Performance Toolkit\;C:\Program Files\Microsoft SQL Server\120\Tools\Binn\;C:\Program Files (x86)\Microsoft SDKs\TypeScript\1.1\;C:\Users\Venkatesh.Aarelly\Downloads\Sikuli\libs;C:\Users\Venkatesh.Aarelly\AppData\Roaming\npm;C:\Venky\Softwares\eclipse;;."/>
    <property name="java.specification.name" value="Java Platform API Specification"/>
    <property name="java.class.version" value="52.0"/>
    <property name="sun.management.compiler" value="HotSpot 64-Bit Tiered Compilers"/>
    <property name="os.version" value="6.1"/>
    <property name="user.home" value="C:\Users\Venkatesh.Aarelly"/>
    <property name="user.timezone" value="Asia/Calcutta"/>
    <property name="java.awt.printerjob" value="sun.awt.windows.WPrinterJob"/>
    <property name="java.specification.version" value="1.8"/>
    <property name="file.encoding" value="Cp1252"/>
    <property name="user.name" value="Venkatesh.Aarelly"/>
    <property name="java.class.path" value="C:\Users\Venkatesh.Aarelly\ATMECSProjects\WSDL2Java\target\classes;C:\Users\Venkatesh.Aarelly\.m2\repository\org\springframework\ws\spring-ws-core\2.1.3.RELEASE\spring-ws-core-2.1.3.RELEASE.jar;C:\Users\Venkatesh.Aarelly\.m2\repository\org\springframework\ws\spring-xml\2.1.3.RELEASE\spring-xml-2.1.3.RELEASE.jar;C:\Users\Venkatesh.Aarelly\.m2\repository\org\springframework\spring-context\3.2.2.RELEASE\spring-context-3.2.2.RELEASE.jar;C:\Users\Venkatesh.Aarelly\.m2\repository\org\springframework\spring-expression\3.2.2.RELEASE\spring-expression-3.2.2.RELEASE.jar;C:\Users\Venkatesh.Aarelly\.m2\repository\org\springframework\spring-aop\3.2.2.RELEASE\spring-aop-3.2.2.RELEASE.jar;C:\Users\Venkatesh.Aarelly\.m2\repository\aopalliance\aopalliance\1.0\aopalliance-1.0.jar;C:\Users\Venkatesh.Aarelly\.m2\repository\org\springframework\spring-oxm\3.2.2.RELEASE\spring-oxm-3.2.2.RELEASE.jar;C:\Users\Venkatesh.Aarelly\.m2\repository\commons-lang\commons-lang\2.5\commons-lang-2.5.jar;C:\Users\Venkatesh.Aarelly\.m2\repository\org\springframework\spring-web\3.2.2.RELEASE\spring-web-3.2.2.RELEASE.jar;C:\Users\Venkatesh.Aarelly\.m2\repository\org\springframework\spring-webmvc\3.2.2.RELEASE\spring-webmvc-3.2.2.RELEASE.jar;C:\Users\Venkatesh.Aarelly\.m2\repository\wsdl4j\wsdl4j\1.6.1\wsdl4j-1.6.1.jar;C:\Users\Venkatesh.Aarelly\.m2\repository\javax\xml\stream\stax-api\1.0-2\stax-api-1.0-2.jar;C:\Users\Venkatesh.Aarelly\.m2\repository\commons-logging\commons-logging\1.1.1\commons-logging-1.1.1.jar;C:\Users\Venkatesh.Aarelly\.m2\repository\org\springframework\spring-core\3.2.2.RELEASE\spring-core-3.2.2.RELEASE.jar;C:\Users\Venkatesh.Aarelly\.m2\repository\org\springframework\spring-beans\3.2.2.RELEASE\spring-beans-3.2.2.RELEASE.jar;C:\Users\Venkatesh.Aarelly\.m2\repository\org\apache\httpcomponents\httpclient\4.2.5\httpclient-4.2.5.jar;C:\Users\Venkatesh.Aarelly\.m2\repository\org\apache\httpcomponents\httpcore\4.2.4\httpcore-4.2.4.jar;C:\Users\Venkatesh.Aarelly\.m2\repository\commons-codec\commons-codec\1.6\commons-codec-1.6.jar;C:\Users\Venkatesh.Aarelly\.m2\repository\org\testng\testng\6.8.21\testng-6.8.21.jar;C:\Users\Venkatesh.Aarelly\.m2\repository\org\beanshell\bsh\2.0b4\bsh-2.0b4.jar;C:\Users\Venkatesh.Aarelly\.m2\repository\com\beust\jcommander\1.27\jcommander-1.27.jar;C:\Users\Venkatesh.Aarelly\.m2\repository\javax\xml\ws\jaxws-api\2.2.11\jaxws-api-2.2.11.jar;C:\Users\Venkatesh.Aarelly\.m2\repository\javax\xml\soap\javax.xml.soap-api\1.3.5\javax.xml.soap-api-1.3.5.jar;C:\Users\Venkatesh.Aarelly\.m2\repository\javax\xml\bind\jaxb-api\2.2.12\jaxb-api-2.2.12.jar;"/>
    <property name="java.vm.specification.version" value="1.8"/>
    <property name="sun.arch.data.model" value="64"/>
    <property name="java.home" value="C:\Program Files\Java\jdk1.8.0_25\jre"/>
    <property name="sun.java.command" value="org.codehaus.plexus.classworlds.launcher.Launcher -B test"/>
    <property name="java.specification.vendor" value="Oracle Corporation"/>
    <property name="user.language" value="en"/>
    <property name="awt.toolkit" value="sun.awt.windows.WToolkit"/>
    <property name="java.vm.info" value="mixed mode"/>
    <property name="java.version" value="1.8.0_25"/>
    <property name="java.ext.dirs" value="C:\Program Files\Java\jdk1.8.0_25\jre\lib\ext;C:\Windows\Sun\Java\lib\ext"/>
    <property name="sun.boot.class.path" value="C:\Program Files\Java\jdk1.8.0_25\jre\lib\resources.jar;C:\Program Files\Java\jdk1.8.0_25\jre\lib\rt.jar;C:\Program Files\Java\jdk1.8.0_25\jre\lib\sunrsasign.jar;C:\Program Files\Java\jdk1.8.0_25\jre\lib\jsse.jar;C:\Program Files\Java\jdk1.8.0_25\jre\lib\jce.jar;C:\Program Files\Java\jdk1.8.0_25\jre\lib\charsets.jar;C:\Program Files\Java\jdk1.8.0_25\jre\lib\jfr.jar;C:\Program Files\Java\jdk1.8.0_25\jre\classes"/>
    <property name="java.vendor" value="Oracle Corporation"/>
    <property name="maven.home" value="C:\Venky\Softwares\apache-maven-3.2.5"/>
    <property name="file.separator" value="\"/>
    <property name="java.vendor.url.bug" value="http://bugreport.sun.com/bugreport/"/>
    <property name="sun.cpu.endian" value="little"/>
    <property name="sun.io.unicode.encoding" value="UnicodeLittle"/>
    <property name="sun.desktop" value="windows"/>
    <property name="sun.cpu.isalist" value="amd64"/>
  </properties>
  <testcase classname="com.atmecs.services.test.TestCurrencyWS" name="testCurrencyRate" time="1.373">
    <failure message="expected [62.215] but found [62.2299]" type="java.lang.AssertionError">java.lang.AssertionError: expected [62.215] but found [62.2299]
	at org.testng.Assert.fail(Assert.java:94)
	at org.testng.Assert.failNotEquals(Assert.java:494)
	at org.testng.Assert.assertEquals(Assert.java:123)
	at org.testng.Assert.assertEquals(Assert.java:165)
	at com.atmecs.services.test.TestCurrencyWS.testCurrencyRate(TestCurrencyWS.java:40)
</failure>
    <system-out>Configuring TestNG with: org.apache.maven.surefire.testng.conf.TestNG652Configurator@1eb44e46
</system-out>
    <system-err>Feb 17, 2015 3:44:22 PM org.springframework.context.support.AbstractApplicationContext prepareRefresh
INFO: Refreshing org.springframework.context.support.FileSystemXmlApplicationContext@2f686d1f: startup date [Tue Feb 17 15:44:22 IST 2015]; root of context hierarchy
Feb 17, 2015 3:44:22 PM org.springframework.beans.factory.xml.XmlBeanDefinitionReader loadBeanDefinitions
INFO: Loading XML bean definitions from file [C:\Users\Venkatesh.Aarelly\ATMECSProjects\WSDL2Java\src\main\resources\applicationContext.xml]
Feb 17, 2015 3:44:22 PM org.springframework.beans.factory.support.DefaultListableBeanFactory preInstantiateSingletons
INFO: Pre-instantiating singletons in org.springframework.beans.factory.support.DefaultListableBeanFactory@61d47554: defining beans [org.springframework.context.annotation.internalConfigurationAnnotationProcessor,org.springframework.context.annotation.internalAutowiredAnnotationProcessor,org.springframework.context.annotation.internalRequiredAnnotationProcessor,org.springframework.context.annotation.internalCommonAnnotationProcessor,soapMessageFactory,currencyMarshaller,currencyTemplate,org.springframework.context.annotation.ConfigurationClassPostProcessor.importAwareProcessor]; root of factory hierarchy
Feb 17, 2015 3:44:22 PM org.springframework.ws.soap.saaj.SaajSoapMessageFactory afterPropertiesSet
INFO: Creating SAAJ 1.3 MessageFactory with SOAP 1.2 Protocol
Feb 17, 2015 3:44:22 PM org.springframework.oxm.jaxb.Jaxb2Marshaller createJaxbContextFromContextPath
INFO: Creating JAXBContext with context path [com.atmecs.services]
</system-err>
  </testcase>
</testsuite>