<?xml version="1.0" encoding="UTF-8"?>
<!-- Generated by org.testng.reporters.JUnitReportReporter -->
<testsuite hostname="ATMECSINDT-060" name="GmailLoginPage" tests="1" failures="0" timestamp="30 Jan 2015 09:34:06 GMT" time="0.053" errors="0">
  <testcase name="imageComparison" time="0.053" classname="GmailLoginPage"/>
</testsuite> <!-- GmailLoginPage -->
